cmp/build/app/intermediates/manifest_merge_blame_file/debug/manifest-merger-blame-debug-report.txt
1<?xml version="1.0" encoding="utf-8"?>
2<manifest xmlns:android="http://schemas.android.com/apk/res/android"
3    package="com.example.cmp"
4    android:versionCode="2"
5    android:versionName="0.4.1" >
6
7    <uses-sdk
8        android:minSdkVersion="16"
9        android:targetSdkVersion="28" />
10    <!--
11         Flutter needs it to communicate with the running application
12         to allow setting breakpoints, to provide hot reload, etc.
13    -->
14    <uses-permission android:name="android.permission.INTERNET" />
14-->src/debug/AndroidManifest.xml:6:5-66
14-->src/debug/AndroidManifest.xml:6:22-64
15    <uses-permission android:name="android.permission.READ_EXTERNAL_STORAGE" />
15-->[:image_picker] AndroidManifest.xml:7:5-80
15-->[:image_picker] AndroidManifest.xml:7:22-77
16    <uses-permission android:name="android.permission.WRITE_EXTERNAL_STORAGE" />
16-->[:image_picker] AndroidManifest.xml:8:5-81
16-->[:image_picker] AndroidManifest.xml:8:22-78
17    <uses-permission android:name="android.permission.CAMERA" />
17-->[:barcode_scan] AndroidManifest.xml:11:5-65
17-->[:barcode_scan] AndroidManifest.xml:11:22-62
18    <uses-permission android:name="android.permission.REQUEST_INSTALL_PACKAGES" /> <!-- Although the *SdkVersion is captured in gradle build files, this is required for non gradle builds -->
18-->[:open_file] AndroidManifest.xml:8:5-83
18-->[:open_file] AndroidManifest.xml:8:22-80
19    <!-- <uses-sdk android:minSdkVersion="14" /> -->
20    <uses-permission android:name="android.permission.ACCESS_NETWORK_STATE" />
20-->[com.google.firebase:firebase-firestore:21.3.0] AndroidManifest.xml:13:5-79
20-->[com.google.firebase:firebase-firestore:21.3.0] AndroidManifest.xml:13:22-76
21    <uses-permission android:name="android.permission.WAKE_LOCK" /> <!-- Required by older versions of Google Play services to create IID tokens -->
21-->[com.google.firebase:firebase-iid:18.0.0] AndroidManifest.xml:24:5-68
21-->[com.google.firebase:firebase-iid:18.0.0] AndroidManifest.xml:24:22-65
22    <uses-permission android:name="com.google.android.c2dm.permission.RECEIVE" />
22-->[com.google.firebase:firebase-iid:18.0.0] AndroidManifest.xml:26:5-82
22-->[com.google.firebase:firebase-iid:18.0.0] AndroidManifest.xml:26:22-79
23    <!--
24 io.flutter.app.FlutterApplication is an android.app.Application that
25         calls FlutterMain.startInitialization(this); in its onCreate method.
26         In most cases you can leave this as-is, but you if you want to provide
27         additional functionality it is fine to subclass or reimplement
28         FlutterApplication and put your custom class here.
29    -->
30    <application
30-->src/main/AndroidManifest.xml:8:5-29:19
31        android:name="io.flutter.app.FlutterApplication"
31-->src/main/AndroidManifest.xml:9:9-57
32        android:appComponentFactory="androidx.core.app.CoreComponentFactory"
32-->[androidx.core:core:1.2.0-alpha02] AndroidManifest.xml:24:18-86
33        android:debuggable="true"
34        android:icon="@mipmap/ic_launcher"
34-->src/main/AndroidManifest.xml:11:9-43
35        android:label="cmp" >
35-->src/main/AndroidManifest.xml:10:9-28
36        <activity
36-->src/main/AndroidManifest.xml:12:9-23:20
37            android:name="com.example.cmp.MainActivity"
37-->src/main/AndroidManifest.xml:13:13-41
38            android:configChanges="orientation|keyboardHidden|keyboard|screenSize|smallestScreenSize|locale|layoutDirection|fontScale|screenLayout|density|uiMode"
38-->src/main/AndroidManifest.xml:16:13-163
39            android:hardwareAccelerated="true"
39-->src/main/AndroidManifest.xml:17:13-47
40            android:launchMode="singleTop"
40-->src/main/AndroidManifest.xml:14:13-43
41            android:theme="@style/LaunchTheme"
41-->src/main/AndroidManifest.xml:15:13-47
42            android:windowSoftInputMode="adjustResize" >
42-->src/main/AndroidManifest.xml:18:13-55
43            <intent-filter>
43-->src/main/AndroidManifest.xml:19:13-22:29
44                <action android:name="android.intent.action.MAIN" />
44-->src/main/AndroidManifest.xml:20:17-68
44-->src/main/AndroidManifest.xml:20:25-66
45
46                <category android:name="android.intent.category.LAUNCHER" />
46-->src/main/AndroidManifest.xml:21:17-76
46-->src/main/AndroidManifest.xml:21:27-74
47            </intent-filter>
48        </activity>
49        <!--
50             Don't delete the meta-data below.
51             This is used by the Flutter tool to generate GeneratedPluginRegistrant.java
52        -->
53        <meta-data
53-->src/main/AndroidManifest.xml:26:9-28:33
54            android:name="flutterEmbedding"
54-->src/main/AndroidManifest.xml:27:13-44
55            android:value="2" />
55-->src/main/AndroidManifest.xml:28:13-30
56
57        <provider
57-->[:wc_flutter_share] AndroidManifest.xml:8:9-16:20
58            android:name="com.wisecrab.wc_flutter_share.WcFlutterShareFileProvider"
58-->[:wc_flutter_share] AndroidManifest.xml:9:13-84
59            android:authorities="com.example.cmp.fileprovider.github.com/com/wisecrab/wc-flutter-share"
59-->[:wc_flutter_share] AndroidManifest.xml:10:13-105
60            android:exported="false"
60-->[:wc_flutter_share] AndroidManifest.xml:11:13-37
61            android:grantUriPermissions="true" >
61-->[:wc_flutter_share] AndroidManifest.xml:12:13-47
62            <meta-data
62-->[:wc_flutter_share] AndroidManifest.xml:13:13-15:70
63                android:name="android.support.FILE_PROVIDER_PATHS"
63-->[:wc_flutter_share] AndroidManifest.xml:14:17-67
64                android:resource="@xml/wc_flutter_share_filepaths" />
64-->[:wc_flutter_share] AndroidManifest.xml:15:17-67
65        </provider>
66        <provider
66-->[:image_picker] AndroidManifest.xml:11:9-19:20
67            android:name="io.flutter.plugins.imagepicker.ImagePickerFileProvider"
67-->[:image_picker] AndroidManifest.xml:12:13-82
68            android:authorities="com.example.cmp.flutter.image_provider"
68-->[:image_picker] AndroidManifest.xml:13:13-74
69            android:exported="false"
69-->[:image_picker] AndroidManifest.xml:14:13-37
70            android:grantUriPermissions="true" >
70-->[:image_picker] AndroidManifest.xml:15:13-47
71            <meta-data
71-->[:wc_flutter_share] AndroidManifest.xml:13:13-15:70
72                android:name="android.support.FILE_PROVIDER_PATHS"
72-->[:wc_flutter_share] AndroidManifest.xml:14:17-67
73                android:resource="@xml/flutter_image_picker_file_paths" />
73-->[:wc_flutter_share] AndroidManifest.xml:15:17-67
74        </provider>
75
76        <service
76-->[:cloud_functions] AndroidManifest.xml:8:9-12:19
77            android:name="com.google.firebase.components.ComponentDiscoveryService"
77-->[:cloud_functions] AndroidManifest.xml:8:18-89
78            android:directBootAware="true"
78-->[com.google.firebase:firebase-common:19.3.0] AndroidManifest.xml:34:13-43
79            android:exported="false" >
79-->[com.google.firebase:firebase-auth:19.2.0] AndroidManifest.xml:35:13-37
80            <meta-data
80-->[:cloud_functions] AndroidManifest.xml:9:13-11:85
81                android:name="com.google.firebase.components:io.flutter.plugins.firebase.cloudfunctions.FlutterFirebaseAppRegistrar"
81-->[:cloud_functions] AndroidManifest.xml:10:17-133
82                android:value="com.google.firebase.components.ComponentRegistrar" />
82-->[:cloud_functions] AndroidManifest.xml:11:17-82
83            <meta-data
83-->[:cloud_firestore] AndroidManifest.xml:9:13-11:85
84                android:name="com.google.firebase.components:io.flutter.plugins.firebase.cloudfirestore.FlutterFirebaseAppRegistrar"
84-->[:cloud_firestore] AndroidManifest.xml:10:17-133
85                android:value="com.google.firebase.components.ComponentRegistrar" />
85-->[:cloud_firestore] AndroidManifest.xml:11:17-82
86            <meta-data
86-->[:firebase_auth] AndroidManifest.xml:9:13-11:85
87                android:name="com.google.firebase.components:io.flutter.plugins.firebaseauth.FlutterFirebaseAppRegistrar"
87-->[:firebase_auth] AndroidManifest.xml:10:17-122
88                android:value="com.google.firebase.components.ComponentRegistrar" />
88-->[:firebase_auth] AndroidManifest.xml:11:17-82
89            <meta-data
89-->[:firebase_storage] AndroidManifest.xml:9:13-11:85
90                android:name="com.google.firebase.components:io.flutter.plugins.firebase.storage.FlutterFirebaseAppRegistrar"
90-->[:firebase_storage] AndroidManifest.xml:10:17-126
91                android:value="com.google.firebase.components.ComponentRegistrar" />
91-->[:firebase_storage] AndroidManifest.xml:11:17-82
92            <meta-data
92-->[:firebase_core] AndroidManifest.xml:9:13-11:85
93                android:name="com.google.firebase.components:io.flutter.plugins.firebase.core.FlutterFirebaseAppRegistrar"
93-->[:firebase_core] AndroidManifest.xml:10:17-123
94                android:value="com.google.firebase.components.ComponentRegistrar" />
94-->[:firebase_core] AndroidManifest.xml:11:17-82
95            <meta-data
95-->[com.google.firebase:firebase-auth:19.2.0] AndroidManifest.xml:36:13-38:85
96                android:name="com.google.firebase.components:com.google.firebase.auth.FirebaseAuthRegistrar"
96-->[com.google.firebase:firebase-auth:19.2.0] AndroidManifest.xml:37:17-109
97                android:value="com.google.firebase.components.ComponentRegistrar" />
97-->[com.google.firebase:firebase-auth:19.2.0] AndroidManifest.xml:38:17-82
98            <meta-data
98-->[com.google.firebase:firebase-firestore:21.3.0] AndroidManifest.xml:20:13-22:85
99                android:name="com.google.firebase.components:com.google.firebase.firestore.FirestoreRegistrar"
99-->[com.google.firebase:firebase-firestore:21.3.0] AndroidManifest.xml:21:17-111
100                android:value="com.google.firebase.components.ComponentRegistrar" />
100-->[com.google.firebase:firebase-firestore:21.3.0] AndroidManifest.xml:22:17-82
101            <meta-data
101-->[com.google.firebase:firebase-functions:17.0.0] AndroidManifest.xml:16:13-18:85
102                android:name="com.google.firebase.components:com.google.firebase.functions.FunctionsRegistrar"
102-->[com.google.firebase:firebase-functions:17.0.0] AndroidManifest.xml:17:17-111
103                android:value="com.google.firebase.components.ComponentRegistrar" />
103-->[com.google.firebase:firebase-functions:17.0.0] AndroidManifest.xml:18:17-82
104            <meta-data
104-->[com.google.firebase:firebase-storage:17.0.0] AndroidManifest.xml:31:13-33:85
105                android:name="com.google.firebase.components:com.google.firebase.storage.StorageRegistrar"
105-->[com.google.firebase:firebase-storage:17.0.0] AndroidManifest.xml:32:17-107
106                android:value="com.google.firebase.components.ComponentRegistrar" />
106-->[com.google.firebase:firebase-storage:17.0.0] AndroidManifest.xml:33:17-82
107            <meta-data
107-->[com.google.firebase:firebase-iid:18.0.0] AndroidManifest.xml:32:13-34:85
108                android:name="com.google.firebase.components:com.google.firebase.iid.Registrar"
108-->[com.google.firebase:firebase-iid:18.0.0] AndroidManifest.xml:33:17-96
109                android:value="com.google.firebase.components.ComponentRegistrar" />
109-->[com.google.firebase:firebase-iid:18.0.0] AndroidManifest.xml:34:17-82
110        </service>
111
112        <activity android:name="de.mintware.barcode_scan.BarcodeScannerActivity" />
112-->[:barcode_scan] AndroidManifest.xml:14:9-84
112-->[:barcode_scan] AndroidManifest.xml:14:19-81
113
114        <provider
114-->[:open_file] AndroidManifest.xml:12:9-21:20
115            android:name="androidx.core.content.FileProvider"
115-->[:open_file] AndroidManifest.xml:13:13-62
116            android:authorities="com.example.cmp.fileProvider"
116-->[:open_file] AndroidManifest.xml:14:13-64
117            android:exported="false"
117-->[:open_file] AndroidManifest.xml:15:13-37
118            android:grantUriPermissions="true" >
118-->[:open_file] AndroidManifest.xml:16:13-47
119            <meta-data
119-->[:wc_flutter_share] AndroidManifest.xml:13:13-15:70
120                android:name="android.support.FILE_PROVIDER_PATHS"
120-->[:wc_flutter_share] AndroidManifest.xml:14:17-67
121                android:resource="@xml/filepaths" />
121-->[:wc_flutter_share] AndroidManifest.xml:15:17-67
122        </provider>
123
124        <activity
124-->[com.google.firebase:firebase-auth:19.2.0] AndroidManifest.xml:24:9-31:50
125            android:name="com.google.firebase.auth.internal.FederatedSignInActivity"
125-->[com.google.firebase:firebase-auth:19.2.0] AndroidManifest.xml:25:13-85
126            android:excludeFromRecents="true"
126-->[com.google.firebase:firebase-auth:19.2.0] AndroidManifest.xml:26:13-46
127            android:exported="true"
127-->[com.google.firebase:firebase-auth:19.2.0] AndroidManifest.xml:27:13-36
128            android:launchMode="singleTask"
128-->[com.google.firebase:firebase-auth:19.2.0] AndroidManifest.xml:28:13-44
129            android:permission="com.google.firebase.auth.api.gms.permission.LAUNCH_FEDERATED_SIGN_IN"
129-->[com.google.firebase:firebase-auth:19.2.0] AndroidManifest.xml:29:13-102
130            android:theme="@android:style/Theme.Translucent.NoTitleBar" />
130-->[com.google.firebase:firebase-auth:19.2.0] AndroidManifest.xml:30:13-72
131
132        <receiver
132-->[com.google.firebase:firebase-iid:18.0.0] AndroidManifest.xml:37:9-44:20
133            android:name="com.google.firebase.iid.FirebaseInstanceIdReceiver"
133-->[com.google.firebase:firebase-iid:18.0.0] AndroidManifest.xml:38:13-78
134            android:exported="true"
134-->[com.google.firebase:firebase-iid:18.0.0] AndroidManifest.xml:39:13-36
135            android:permission="com.google.android.c2dm.permission.SEND" >
135-->[com.google.firebase:firebase-iid:18.0.0] AndroidManifest.xml:40:13-73
136            <intent-filter>
136-->[com.google.firebase:firebase-iid:18.0.0] AndroidManifest.xml:41:13-43:29
137                <action android:name="com.google.android.c2dm.intent.RECEIVE" />
137-->[com.google.firebase:firebase-iid:18.0.0] AndroidManifest.xml:42:17-81
137-->[com.google.firebase:firebase-iid:18.0.0] AndroidManifest.xml:42:25-78
138            </intent-filter>
139        </receiver>
140
141        <provider
141-->[com.google.firebase:firebase-common:19.3.0] AndroidManifest.xml:26:9-30:39
142            android:name="com.google.firebase.provider.FirebaseInitProvider"
142-->[com.google.firebase:firebase-common:19.3.0] AndroidManifest.xml:27:13-77
143            android:authorities="com.example.cmp.firebaseinitprovider"
143-->[com.google.firebase:firebase-common:19.3.0] AndroidManifest.xml:28:13-72
144            android:exported="false"
144-->[com.google.firebase:firebase-common:19.3.0] AndroidManifest.xml:29:13-37
145            android:initOrder="100" />
145-->[com.google.firebase:firebase-common:19.3.0] AndroidManifest.xml:30:13-36
146
147        <activity
147-->[com.google.android.gms:play-services-base:17.1.0] AndroidManifest.xml:23:9-26:75
148            android:name="com.google.android.gms.common.api.GoogleApiActivity"
148-->[com.google.android.gms:play-services-base:17.1.0] AndroidManifest.xml:24:13-79
149            android:exported="false"
149-->[com.google.android.gms:play-services-base:17.1.0] AndroidManifest.xml:25:13-37
150            android:theme="@android:style/Theme.Translucent.NoTitleBar" />
150-->[com.google.android.gms:play-services-base:17.1.0] AndroidManifest.xml:26:13-72
151
152        <meta-data
152-->[com.google.android.gms:play-services-basement:17.0.0] AndroidManifest.xml:23:9-25:69
153            android:name="com.google.android.gms.version"
153-->[com.google.android.gms:play-services-basement:17.0.0] AndroidManifest.xml:24:13-58
154            android:value="@integer/google_play_services_version" />
154-->[com.google.android.gms:play-services-basement:17.0.0] AndroidManifest.xml:25:13-66
155    </application>
156
157</manifest>